::1 - - [02/Jul/2023:06:39:15 +0000] "GET /api-docs HTTP/1.1" 301 183
::1 - - [02/Jul/2023:06:39:15 +0000] "GET /api-docs/ HTTP/1.1" 200 3106
::1 - - [02/Jul/2023:06:39:15 +0000] "GET /api-docs/swagger-ui-init.js HTTP/1.1" 200 2049
::1 - - [02/Jul/2023:06:39:15 +0000] "GET /api-docs/swagger-ui.css HTTP/1.1" 200 150945
::1 - - [02/Jul/2023:06:39:15 +0000] "GET /api-docs/swagger-ui-standalone-preset.js HTTP/1.1" 200 246440
::1 - - [02/Jul/2023:06:39:15 +0000] "GET /api-docs/swagger-ui-bundle.js HTTP/1.1" 200 1435746
::1 - - [02/Jul/2023:06:39:15 +0000] "GET /api-docs/favicon-32x32.png HTTP/1.1" 200 628
::1 - - [02/Jul/2023:06:40:02 +0000] "GET /api-docs/ HTTP/1.1" 304 -
::1 - - [02/Jul/2023:06:40:02 +0000] "GET /api-docs/swagger-ui-bundle.js HTTP/1.1" 304 -
::1 - - [02/Jul/2023:06:40:02 +0000] "GET /api-docs/swagger-ui-init.js HTTP/1.1" 304 -
::1 - - [02/Jul/2023:06:40:02 +0000] "GET /api-docs/swagger-ui.css HTTP/1.1" 304 -
::1 - - [02/Jul/2023:06:40:02 +0000] "GET /api-docs/swagger-ui-standalone-preset.js HTTP/1.1" 304 -
::1 - - [02/Jul/2023:06:40:02 +0000] "GET /api-docs/favicon-32x32.png HTTP/1.1" 304 -
::1 - - [02/Jul/2023:06:40:04 +0000] "GET /api-docs/ HTTP/1.1" 304 -
::1 - - [02/Jul/2023:06:40:04 +0000] "GET /api-docs/swagger-ui-init.js HTTP/1.1" 304 -
::1 - - [02/Jul/2023:06:40:04 +0000] "GET /api-docs/swagger-ui.css HTTP/1.1" 304 -
::1 - - [02/Jul/2023:06:40:04 +0000] "GET /api-docs/swagger-ui-bundle.js HTTP/1.1" 304 -
::1 - - [02/Jul/2023:06:40:04 +0000] "GET /api-docs/swagger-ui-standalone-preset.js HTTP/1.1" 304 -
::1 - - [02/Jul/2023:06:40:04 +0000] "GET /api-docs/favicon-32x32.png HTTP/1.1" 304 -
::1 - - [02/Jul/2023:06:40:23 +0000] "GET /api-docs/ HTTP/1.1" 304 -
::1 - - [02/Jul/2023:06:40:23 +0000] "GET /api-docs/swagger-ui.css HTTP/1.1" 304 -
::1 - - [02/Jul/2023:06:40:23 +0000] "GET /api-docs/swagger-ui-init.js HTTP/1.1" 304 -
::1 - - [02/Jul/2023:06:40:23 +0000] "GET /api-docs/swagger-ui-bundle.js HTTP/1.1" 304 -
::1 - - [02/Jul/2023:06:40:23 +0000] "GET /api-docs/swagger-ui-standalone-preset.js HTTP/1.1" 304 -
::1 - - [02/Jul/2023:06:40:23 +0000] "GET /api-docs/favicon-32x32.png HTTP/1.1" 304 -
::1 - - [02/Jul/2023:06:40:24 +0000] "GET /api-docs/ HTTP/1.1" 304 -
::1 - - [02/Jul/2023:06:40:24 +0000] "GET /api-docs/swagger-ui-init.js HTTP/1.1" 304 -
::1 - - [02/Jul/2023:06:40:24 +0000] "GET /api-docs/swagger-ui.css HTTP/1.1" 304 -
::1 - - [02/Jul/2023:06:40:24 +0000] "GET /api-docs/swagger-ui-bundle.js HTTP/1.1" 304 -
::1 - - [02/Jul/2023:06:40:24 +0000] "GET /api-docs/swagger-ui-standalone-preset.js HTTP/1.1" 304 -
::1 - - [02/Jul/2023:06:40:24 +0000] "GET /api-docs/favicon-32x32.png HTTP/1.1" 304 -
::1 - - [02/Jul/2023:06:40:24 +0000] "GET /api-docs/ HTTP/1.1" 304 -
::1 - - [02/Jul/2023:06:40:24 +0000] "GET /api-docs/swagger-ui-init.js HTTP/1.1" 304 -
::1 - - [02/Jul/2023:06:40:24 +0000] "GET /api-docs/swagger-ui.css HTTP/1.1" 304 -
::1 - - [02/Jul/2023:06:40:24 +0000] "GET /api-docs/swagger-ui-bundle.js HTTP/1.1" 304 -
::1 - - [02/Jul/2023:06:40:24 +0000] "GET /api-docs/swagger-ui-standalone-preset.js HTTP/1.1" 304 -
::1 - - [02/Jul/2023:06:40:24 +0000] "GET /api-docs/favicon-32x32.png HTTP/1.1" 304 -
::1 - - [02/Jul/2023:06:40:24 +0000] "GET /api-docs/ HTTP/1.1" 304 -
::1 - - [02/Jul/2023:06:40:24 +0000] "GET /api-docs/swagger-ui.css HTTP/1.1" 304 -
::1 - - [02/Jul/2023:06:40:24 +0000] "GET /api-docs/swagger-ui-init.js HTTP/1.1" 304 -
::1 - - [02/Jul/2023:06:40:24 +0000] "GET /api-docs/swagger-ui-bundle.js HTTP/1.1" 304 -
::1 - - [02/Jul/2023:06:40:24 +0000] "GET /api-docs/swagger-ui-standalone-preset.js HTTP/1.1" 304 -
::1 - - [02/Jul/2023:06:40:24 +0000] "GET /api-docs/favicon-32x32.png HTTP/1.1" 304 -
::1 - - [02/Jul/2023:06:40:24 +0000] "GET /api-docs/ HTTP/1.1" 304 -
::1 - - [02/Jul/2023:06:40:24 +0000] "GET /api-docs/swagger-ui-init.js HTTP/1.1" 304 -
::1 - - [02/Jul/2023:06:40:24 +0000] "GET /api-docs/swagger-ui.css HTTP/1.1" 304 -
::1 - - [02/Jul/2023:06:40:24 +0000] "GET /api-docs/swagger-ui-bundle.js HTTP/1.1" 304 -
::1 - - [02/Jul/2023:06:40:24 +0000] "GET /api-docs/swagger-ui-standalone-preset.js HTTP/1.1" 304 -
::1 - - [02/Jul/2023:06:40:24 +0000] "GET /api-docs/favicon-32x32.png HTTP/1.1" 304 -
::1 - - [02/Jul/2023:06:41:31 +0000] "GET /api-docs/ HTTP/1.1" 304 -
::1 - - [02/Jul/2023:06:41:31 +0000] "GET /api-docs/swagger-ui.css HTTP/1.1" 304 -
::1 - - [02/Jul/2023:06:41:31 +0000] "GET /api-docs/swagger-ui-init.js HTTP/1.1" 304 -
::1 - - [02/Jul/2023:06:41:31 +0000] "GET /api-docs/swagger-ui-bundle.js HTTP/1.1" 304 -
::1 - - [02/Jul/2023:06:41:31 +0000] "GET /api-docs/swagger-ui-standalone-preset.js HTTP/1.1" 304 -
::1 - - [02/Jul/2023:06:41:32 +0000] "GET /api-docs/favicon-32x32.png HTTP/1.1" 304 -
::1 - - [02/Jul/2023:06:41:34 +0000] "GET /api-docs/ HTTP/1.1" 304 -
::1 - - [02/Jul/2023:06:41:34 +0000] "GET /api-docs/swagger-ui-init.js HTTP/1.1" 304 -
::1 - - [02/Jul/2023:06:41:34 +0000] "GET /api-docs/swagger-ui.css HTTP/1.1" 304 -
::1 - - [02/Jul/2023:06:41:34 +0000] "GET /api-docs/swagger-ui-bundle.js HTTP/1.1" 304 -
::1 - - [02/Jul/2023:06:41:34 +0000] "GET /api-docs/swagger-ui-standalone-preset.js HTTP/1.1" 304 -
::1 - - [02/Jul/2023:06:41:34 +0000] "GET /api-docs/favicon-32x32.png HTTP/1.1" 304 -
::1 - - [02/Jul/2023:06:42:12 +0000] "GET /api-docs/ HTTP/1.1" 200 3161
::1 - - [02/Jul/2023:06:42:12 +0000] "GET /api-docs/swagger-ui.css HTTP/1.1" 304 -
::1 - - [02/Jul/2023:06:42:12 +0000] "GET /api-docs/swagger-ui-init.js HTTP/1.1" 304 -
::1 - - [02/Jul/2023:06:42:12 +0000] "GET /api-docs/swagger-ui-bundle.js HTTP/1.1" 304 -
::1 - - [02/Jul/2023:06:42:12 +0000] "GET /api-docs/swagger-ui-standalone-preset.js HTTP/1.1" 304 -
::1 - - [02/Jul/2023:06:42:12 +0000] "GET /api-docs/favicon-32x32.png HTTP/1.1" 304 -
::1 - - [02/Jul/2023:06:42:13 +0000] "GET /api-docs/ HTTP/1.1" 304 -
::1 - - [02/Jul/2023:06:42:13 +0000] "GET /api-docs/swagger-ui-init.js HTTP/1.1" 304 -
::1 - - [02/Jul/2023:06:42:13 +0000] "GET /api-docs/swagger-ui.css HTTP/1.1" 304 -
::1 - - [02/Jul/2023:06:42:13 +0000] "GET /api-docs/swagger-ui-bundle.js HTTP/1.1" 304 -
::1 - - [02/Jul/2023:06:42:13 +0000] "GET /api-docs/swagger-ui-standalone-preset.js HTTP/1.1" 304 -
::1 - - [02/Jul/2023:06:42:13 +0000] "GET /api-docs/favicon-32x32.png HTTP/1.1" 304 -
::1 - - [02/Jul/2023:06:42:20 +0000] "GET /api-docs/ HTTP/1.1" 304 -
::1 - - [02/Jul/2023:06:42:20 +0000] "GET /api-docs/swagger-ui.css HTTP/1.1" 304 -
::1 - - [02/Jul/2023:06:42:20 +0000] "GET /api-docs/swagger-ui-init.js HTTP/1.1" 304 -
::1 - - [02/Jul/2023:06:42:20 +0000] "GET /api-docs/swagger-ui-bundle.js HTTP/1.1" 304 -
::1 - - [02/Jul/2023:06:42:20 +0000] "GET /api-docs/swagger-ui-standalone-preset.js HTTP/1.1" 304 -
::1 - - [02/Jul/2023:06:42:20 +0000] "GET /api-docs/favicon-32x32.png HTTP/1.1" 304 -
::1 - - [02/Jul/2023:06:42:28 +0000] "GET /api-docs/ HTTP/1.1" 304 -
::1 - - [02/Jul/2023:06:42:28 +0000] "GET /api-docs/swagger-ui.css HTTP/1.1" 304 -
::1 - - [02/Jul/2023:06:42:28 +0000] "GET /api-docs/swagger-ui-init.js HTTP/1.1" 304 -
::1 - - [02/Jul/2023:06:42:28 +0000] "GET /api-docs/swagger-ui-bundle.js HTTP/1.1" 304 -
::1 - - [02/Jul/2023:06:42:28 +0000] "GET /api-docs/swagger-ui-standalone-preset.js HTTP/1.1" 304 -
::1 - - [02/Jul/2023:06:42:28 +0000] "GET /api-docs/favicon-32x32.png HTTP/1.1" 304 -
::1 - - [02/Jul/2023:06:43:06 +0000] "GET /api-docs/ HTTP/1.1" 404 29
::1 - - [02/Jul/2023:06:43:06 +0000] "GET /favicon.ico HTTP/1.1" 404 29
::1 - - [02/Jul/2023:09:42:49 +0000] "GET /api-docs/ HTTP/1.1" 200 3161
::1 - - [02/Jul/2023:09:42:49 +0000] "GET /api-docs/swagger-ui.css HTTP/1.1" 304 -
::1 - - [02/Jul/2023:09:42:49 +0000] "GET /api-docs/swagger-ui-init.js HTTP/1.1" 304 -
::1 - - [02/Jul/2023:09:42:49 +0000] "GET /api-docs/swagger-ui-standalone-preset.js HTTP/1.1" 304 -
::1 - - [02/Jul/2023:09:42:49 +0000] "GET /api-docs/swagger-ui-bundle.js HTTP/1.1" 200 1435746
::1 - - [02/Jul/2023:09:42:50 +0000] "GET /api-docs/favicon-32x32.png HTTP/1.1" 304 -
::1 - - [02/Jul/2023:09:42:52 +0000] "GET /api-docs/ HTTP/1.1" 304 -
::1 - - [02/Jul/2023:09:42:52 +0000] "GET /api-docs/swagger-ui-init.js HTTP/1.1" 304 -
::1 - - [02/Jul/2023:09:42:52 +0000] "GET /api-docs/swagger-ui.css HTTP/1.1" 304 -
::1 - - [02/Jul/2023:09:42:52 +0000] "GET /api-docs/swagger-ui-standalone-preset.js HTTP/1.1" 304 -
::1 - - [02/Jul/2023:09:42:52 +0000] "GET /api-docs/swagger-ui-bundle.js HTTP/1.1" 304 -
::1 - - [02/Jul/2023:09:42:52 +0000] "GET /api-docs/favicon-32x32.png HTTP/1.1" 304 -
::1 - - [02/Jul/2023:09:43:25 +0000] "GET /api-docs/ HTTP/1.1" 304 -
::1 - - [02/Jul/2023:09:44:39 +0000] "GET /api-docs/ HTTP/1.1" 304 -
::1 - - [02/Jul/2023:09:44:39 +0000] "GET /api-docs/swagger-ui-bundle.js HTTP/1.1" 304 -
::1 - - [02/Jul/2023:09:44:39 +0000] "GET /api-docs/swagger-ui-init.js HTTP/1.1" 200 2049
::1 - - [02/Jul/2023:09:44:39 +0000] "GET /api-docs/swagger-ui.css HTTP/1.1" 304 -
::1 - - [02/Jul/2023:09:44:39 +0000] "GET /api-docs/swagger-ui-standalone-preset.js HTTP/1.1" 304 -
::1 - - [02/Jul/2023:09:44:40 +0000] "GET /api-docs/favicon-32x32.png HTTP/1.1" 304 -
::1 - - [02/Jul/2023:09:44:42 +0000] "GET /api-docs/ HTTP/1.1" 304 -
::1 - - [02/Jul/2023:09:47:39 +0000] "GET /participants/getOneExperiment HTTP/1.1" 404 33
::1 - - [02/Jul/2023:09:48:28 +0000] "GET /v1/participants/getOneExperiment HTTP/1.1" 404 29
::1 - - [02/Jul/2023:09:48:33 +0000] "GET /participants/getOneExperiment HTTP/1.1" 404 33
::1 - - [02/Jul/2023:09:50:06 +0000] "GET /api-docs/ HTTP/1.1" 304 -
::1 - - [02/Jul/2023:09:50:06 +0000] "GET /api-docs/swagger-ui-bundle.js HTTP/1.1" 304 -
::1 - - [02/Jul/2023:09:50:06 +0000] "GET /api-docs/swagger-ui-init.js HTTP/1.1" 200 2046
::1 - - [02/Jul/2023:09:50:06 +0000] "GET /api-docs/swagger-ui.css HTTP/1.1" 304 -
::1 - - [02/Jul/2023:09:50:06 +0000] "GET /api-docs/swagger-ui-standalone-preset.js HTTP/1.1" 304 -
::1 - - [02/Jul/2023:09:50:06 +0000] "GET /api-docs/favicon-32x32.png HTTP/1.1" 304 -
::1 - - [02/Jul/2023:09:50:48 +0000] "GET /api-docs/ HTTP/1.1" 304 -
::1 - - [02/Jul/2023:09:50:48 +0000] "GET /api-docs/swagger-ui-bundle.js HTTP/1.1" 304 -
::1 - - [02/Jul/2023:09:50:48 +0000] "GET /api-docs/swagger-ui-init.js HTTP/1.1" 200 2007
::1 - - [02/Jul/2023:09:50:48 +0000] "GET /api-docs/swagger-ui.css HTTP/1.1" 304 -
::1 - - [02/Jul/2023:09:50:48 +0000] "GET /api-docs/swagger-ui-standalone-preset.js HTTP/1.1" 304 -
::1 - - [02/Jul/2023:09:50:49 +0000] "GET /api-docs/favicon-32x32.png HTTP/1.1" 304 -
::1 - - [02/Jul/2023:09:56:54 +0000] "GET /api-docs/ HTTP/1.1" 304 -
::1 - - [02/Jul/2023:09:56:54 +0000] "GET /api-docs/swagger-ui.css HTTP/1.1" 304 -
::1 - - [02/Jul/2023:09:56:54 +0000] "GET /api-docs/swagger-ui-bundle.js HTTP/1.1" 304 -
::1 - - [02/Jul/2023:09:56:54 +0000] "GET /api-docs/swagger-ui-init.js HTTP/1.1" 304 -
::1 - - [02/Jul/2023:09:56:54 +0000] "GET /api-docs/swagger-ui-standalone-preset.js HTTP/1.1" 304 -
::1 - - [02/Jul/2023:09:56:54 +0000] "GET /api-docs/favicon-32x32.png HTTP/1.1" 304 -
::1 - - [02/Jul/2023:09:58:28 +0000] "GET /api-docs/ HTTP/1.1" 200 3106
::1 - - [02/Jul/2023:09:58:28 +0000] "GET /api-docs/swagger-ui.css HTTP/1.1" 304 -
::1 - - [02/Jul/2023:09:58:28 +0000] "GET /api-docs/swagger-ui-bundle.js HTTP/1.1" 304 -
::1 - - [02/Jul/2023:09:58:28 +0000] "GET /api-docs/swagger-ui-init.js HTTP/1.1" 304 -
::1 - - [02/Jul/2023:09:58:28 +0000] "GET /api-docs/swagger-ui-standalone-preset.js HTTP/1.1" 304 -
::1 - - [02/Jul/2023:09:58:28 +0000] "GET /api-docs/favicon-32x32.png HTTP/1.1" 304 -
::1 - - [02/Jul/2023:09:59:05 +0000] "GET /api-docs/ HTTP/1.1" 304 -
::1 - - [02/Jul/2023:09:59:05 +0000] "GET /api-docs/swagger-ui-bundle.js HTTP/1.1" 304 -
::1 - - [02/Jul/2023:09:59:05 +0000] "GET /api-docs/swagger-ui-init.js HTTP/1.1" 304 -
::1 - - [02/Jul/2023:09:59:05 +0000] "GET /api-docs/swagger-ui.css HTTP/1.1" 304 -
::1 - - [02/Jul/2023:09:59:05 +0000] "GET /api-docs/swagger-ui-standalone-preset.js HTTP/1.1" 304 -
::1 - - [02/Jul/2023:09:59:05 +0000] "GET /api-docs/favicon-32x32.png HTTP/1.1" 304 -
::1 - - [02/Jul/2023:09:59:06 +0000] "GET /api-docs/ HTTP/1.1" 304 -
::1 - - [02/Jul/2023:09:59:06 +0000] "GET /api-docs/swagger-ui.css HTTP/1.1" 304 -
::1 - - [02/Jul/2023:09:59:06 +0000] "GET /api-docs/swagger-ui-bundle.js HTTP/1.1" 304 -
::1 - - [02/Jul/2023:09:59:06 +0000] "GET /api-docs/swagger-ui-init.js HTTP/1.1" 304 -
::1 - - [02/Jul/2023:09:59:06 +0000] "GET /api-docs/swagger-ui-standalone-preset.js HTTP/1.1" 304 -
::1 - - [02/Jul/2023:09:59:06 +0000] "GET /api-docs/favicon-32x32.png HTTP/1.1" 304 -
::1 - - [02/Jul/2023:10:00:00 +0000] "GET /api-docs/ HTTP/1.1" 304 -
::1 - - [02/Jul/2023:10:00:00 +0000] "GET /api-docs/swagger-ui-bundle.js HTTP/1.1" 304 -
::1 - - [02/Jul/2023:10:00:00 +0000] "GET /api-docs/swagger-ui-init.js HTTP/1.1" 304 -
::1 - - [02/Jul/2023:10:00:00 +0000] "GET /api-docs/swagger-ui.css HTTP/1.1" 304 -
::1 - - [02/Jul/2023:10:00:00 +0000] "GET /api-docs/swagger-ui-standalone-preset.js HTTP/1.1" 304 -
::1 - - [02/Jul/2023:10:00:00 +0000] "GET /api-docs/favicon-32x32.png HTTP/1.1" 304 -
::1 - - [02/Jul/2023:10:00:01 +0000] "GET /api-docs/ HTTP/1.1" 304 -
::1 - - [02/Jul/2023:10:00:01 +0000] "GET /api-docs/swagger-ui-init.js HTTP/1.1" 304 -
::1 - - [02/Jul/2023:10:00:01 +0000] "GET /api-docs/swagger-ui.css HTTP/1.1" 304 -
::1 - - [02/Jul/2023:10:00:01 +0000] "GET /api-docs/swagger-ui-bundle.js HTTP/1.1" 304 -
::1 - - [02/Jul/2023:10:00:01 +0000] "GET /api-docs/swagger-ui-standalone-preset.js HTTP/1.1" 304 -
::1 - - [02/Jul/2023:10:00:01 +0000] "GET /api-docs/favicon-32x32.png HTTP/1.1" 304 -
::1 - - [02/Jul/2023:10:00:51 +0000] "GET /api-docs/ HTTP/1.1" 304 -
::1 - - [02/Jul/2023:10:00:51 +0000] "GET /api-docs/swagger-ui-bundle.js HTTP/1.1" 304 -
::1 - - [02/Jul/2023:10:00:51 +0000] "GET /api-docs/swagger-ui-init.js HTTP/1.1" 304 -
::1 - - [02/Jul/2023:10:00:51 +0000] "GET /api-docs/swagger-ui.css HTTP/1.1" 304 -
::1 - - [02/Jul/2023:10:00:51 +0000] "GET /api-docs/swagger-ui-standalone-preset.js HTTP/1.1" 304 -
::1 - - [02/Jul/2023:10:00:51 +0000] "GET /api-docs/favicon-32x32.png HTTP/1.1" 304 -
